<?xml version="1.0" encoding="UTF-8"?>
<!-- Generated by org.testng.reporters.JUnitReportReporter -->
<testsuite skipped="0" hostname="piyush.ghildiyal" name="Runner.Parallel_Test" tests="2" failures="0" timestamp="09 Jul 2019 06:36:50 GMT" time="0.019" errors="0">
  <testcase name="testMethodsOne" time="0.009" classname="Runner.Parallel_Test"/>
  <testcase name="testMethodsTwo" time="0.010" classname="Runner.Parallel_Test"/>
</testsuite> <!-- Runner.Parallel_Test -->
